14:53:29:120  INFO 16082 --- [main] com.example.cart.CartApplication         : Starting CartApplication using Java 11.0.8 on bogon with PID 16082 (/Users/xuchaoyue/IdeaProjects/study/hmall/cart-service/target/classes started by xuchaoyue in /Users/xuchaoyue/IdeaProjects/study/hmall)
14:53:29:128  INFO 16082 --- [main] com.example.cart.CartApplication         : The following 1 profile is active: "local"
14:53:30:389  INFO 16082 --- [main] .s.d.r.c.RepositoryConfigurationDelegate : Multiple Spring Data modules found, entering strict repository configuration mode
14:53:30:392  INFO 16082 --- [main] .s.d.r.c.RepositoryConfigurationDelegate : Bootstrapping Spring Data Redis repositories in DEFAULT mode.
14:53:30:473  INFO 16082 --- [main] .s.d.r.c.RepositoryConfigurationDelegate : Finished Spring Data repository scanning in 26 ms. Found 0 Redis repository interfaces.
14:53:30:763  INFO 16082 --- [main] o.s.cloud.context.scope.GenericScope     : BeanFactory id=30a8070a-cf15-3c42-a59c-fa7a4dbc5076
14:53:31:127  INFO 16082 --- [main] o.s.b.w.embedded.tomcat.TomcatWebServer  : Tomcat initialized with port(s): 8282 (http)
14:53:31:135  INFO 16082 --- [main] o.apache.catalina.core.StandardService   : Starting service [Tomcat]
14:53:31:136  INFO 16082 --- [main] org.apache.catalina.core.StandardEngine  : Starting Servlet engine: [Apache Tomcat/9.0.75]
14:53:31:267  INFO 16082 --- [main] o.a.c.c.C.[Tomcat].[localhost].[/]       : Initializing Spring embedded WebApplicationContext
14:53:31:268  INFO 16082 --- [main] w.s.c.ServletWebServerApplicationContext : Root WebApplicationContext: initialization completed in 2069 ms
14:53:31:540  INFO 16082 --- [main] o.s.c.openfeign.FeignClientFactoryBean   : For 'item-service' URL not provided. Will try picking an instance via load-balancing.
14:53:32:681  INFO 16082 --- [main] pertySourcedRequestMappingHandlerMapping : Mapped URL path [/v2/api-docs] onto method [springfox.documentation.swagger2.web.Swagger2ControllerWebMvc#getDocumentation(String, HttpServletRequest)]
14:53:33:266  INFO 16082 --- [main] com.alibaba.nacos.common.remote.client   : [RpcClientFactory] create a new rpc client of e84f8fe4-8f38-4ff2-a4ff-533ac7ca4df6
14:53:33:302  INFO 16082 --- [main] org.reflections.Reflections              : Reflections took 20 ms to scan 1 urls, producing 3 keys and 6 values 
14:53:33:320  INFO 16082 --- [main] org.reflections.Reflections              : Reflections took 10 ms to scan 1 urls, producing 4 keys and 9 values 
14:53:33:332  INFO 16082 --- [main] org.reflections.Reflections              : Reflections took 10 ms to scan 1 urls, producing 3 keys and 10 values 
14:53:33:336  WARN 16082 --- [main] org.reflections.Reflections              : given scan urls are empty. set urls in the configuration
14:53:33:341  INFO 16082 --- [main] org.reflections.Reflections              : Reflections took 5 ms to scan 1 urls, producing 1 keys and 5 values 
14:53:33:350  INFO 16082 --- [main] org.reflections.Reflections              : Reflections took 6 ms to scan 1 urls, producing 1 keys and 7 values 
14:53:33:359  INFO 16082 --- [main] org.reflections.Reflections              : Reflections took 8 ms to scan 1 urls, producing 2 keys and 8 values 
14:53:33:360  WARN 16082 --- [main] org.reflections.Reflections              : given scan urls are empty. set urls in the configuration
14:53:33:361  INFO 16082 --- [main] com.alibaba.nacos.common.remote.client   : [e84f8fe4-8f38-4ff2-a4ff-533ac7ca4df6] RpcClient init label, labels = {module=naming, source=sdk}
14:53:33:363  INFO 16082 --- [main] com.alibaba.nacos.common.remote.client   : [e84f8fe4-8f38-4ff2-a4ff-533ac7ca4df6] RpcClient init, ServerListFactory = com.alibaba.nacos.client.naming.core.ServerListManager
14:53:33:364  INFO 16082 --- [main] com.alibaba.nacos.common.remote.client   : [e84f8fe4-8f38-4ff2-a4ff-533ac7ca4df6] Registry connection listener to current client:com.alibaba.nacos.client.naming.remote.gprc.redo.NamingGrpcRedoService
14:53:33:364  INFO 16082 --- [main] com.alibaba.nacos.common.remote.client   : [e84f8fe4-8f38-4ff2-a4ff-533ac7ca4df6] Register server push request handler:com.alibaba.nacos.client.naming.remote.gprc.NamingPushRequestHandler
14:53:33:365  INFO 16082 --- [main] com.alibaba.nacos.common.remote.client   : [e84f8fe4-8f38-4ff2-a4ff-533ac7ca4df6] Try to connect to server on start up, server: {serverIp = '172.16.1.129', server main port = 8848}
14:53:33:838  INFO 16082 --- [main] com.alibaba.nacos.common.remote.client   : [e84f8fe4-8f38-4ff2-a4ff-533ac7ca4df6] Success to connect to server [172.16.1.129:8848] on start up, connectionId = 1714910078899_172.16.1.1_51713
14:53:33:841  INFO 16082 --- [main] com.alibaba.nacos.common.remote.client   : [e84f8fe4-8f38-4ff2-a4ff-533ac7ca4df6] Register server push request handler:com.alibaba.nacos.common.remote.client.RpcClient$ConnectResetRequestHandler
14:53:33:839  INFO 16082 --- [com.alibaba.nacos.client.remote.worker] com.alibaba.nacos.common.remote.client   : [e84f8fe4-8f38-4ff2-a4ff-533ac7ca4df6] Notify connected event to listeners.
14:53:33:851  INFO 16082 --- [main] com.alibaba.nacos.common.remote.client   : [e84f8fe4-8f38-4ff2-a4ff-533ac7ca4df6] Register server push request handler:com.alibaba.nacos.common.remote.client.RpcClient$$Lambda$1128/0x000000080082e440
14:53:33:925  INFO 16082 --- [main] o.s.b.w.embedded.tomcat.TomcatWebServer  : Tomcat started on port(s): 8282 (http) with context path ''
14:53:33:940  INFO 16082 --- [main] c.a.c.n.registry.NacosServiceRegistry    : nacos registry, DEFAULT_GROUP cart-service 192.168.1.213:8282 register finished
14:53:33:946  INFO 16082 --- [main] d.s.w.p.DocumentationPluginsBootstrapper : Documentation plugins bootstrapped
14:53:33:951  INFO 16082 --- [main] d.s.w.p.DocumentationPluginsBootstrapper : Found 1 custom documentation plugin(s)
14:53:33:971  INFO 16082 --- [main] s.d.s.w.s.ApiListingReferenceScanner     : Scanning for api listing references
14:53:34:083  INFO 16082 --- [main] com.example.cart.CartApplication         : Started CartApplication in 5.768 seconds (JVM running for 6.595)
14:53:34:431  INFO 16082 --- [nacos-grpc-client-executor-10] com.alibaba.nacos.common.remote.client   : [e84f8fe4-8f38-4ff2-a4ff-533ac7ca4df6] Receive server push request, request = NotifySubscriberRequest, requestId = 169
14:53:34:438  INFO 16082 --- [nacos-grpc-client-executor-10] com.alibaba.nacos.common.remote.client   : [e84f8fe4-8f38-4ff2-a4ff-533ac7ca4df6] Ack server push request, request = NotifySubscriberRequest, requestId = 169
