14:55:05:803  INFO 17183 --- [main] c.example.trade.TradeServiceApplication  : Starting TradeServiceApplication using Java 11.0.8 on bogon with PID 17183 (/Users/xuchaoyue/IdeaProjects/study/hmall/trade-service/target/classes started by xuchaoyue in /Users/xuchaoyue/IdeaProjects/study/hmall)
14:55:05:817 DEBUG 17183 --- [main] c.example.trade.TradeServiceApplication  : Running with Spring Boot v2.7.12, Spring v5.3.27
14:55:05:820  INFO 17183 --- [main] c.example.trade.TradeServiceApplication  : The following 1 profile is active: "local"
14:55:07:088  INFO 17183 --- [main] .s.d.r.c.RepositoryConfigurationDelegate : Multiple Spring Data modules found, entering strict repository configuration mode
14:55:07:092  INFO 17183 --- [main] .s.d.r.c.RepositoryConfigurationDelegate : Bootstrapping Spring Data Redis repositories in DEFAULT mode.
14:55:07:120  INFO 17183 --- [main] .s.d.r.c.RepositoryConfigurationDelegate : Finished Spring Data repository scanning in 12 ms. Found 0 Redis repository interfaces.
14:55:07:438  INFO 17183 --- [main] o.s.cloud.context.scope.GenericScope     : BeanFactory id=c169ee34-38e7-317f-8dc9-eba8bd20e709
14:55:07:827  INFO 17183 --- [main] o.s.b.w.embedded.tomcat.TomcatWebServer  : Tomcat initialized with port(s): 8787 (http)
14:55:07:834  INFO 17183 --- [main] o.apache.catalina.core.StandardService   : Starting service [Tomcat]
14:55:07:834  INFO 17183 --- [main] org.apache.catalina.core.StandardEngine  : Starting Servlet engine: [Apache Tomcat/9.0.75]
14:55:07:968  INFO 17183 --- [main] o.a.c.c.C.[Tomcat].[localhost].[/]       : Initializing Spring embedded WebApplicationContext
14:55:07:970  INFO 17183 --- [main] w.s.c.ServletWebServerApplicationContext : Root WebApplicationContext: initialization completed in 2063 ms
14:55:08:242  INFO 17183 --- [main] o.s.c.openfeign.FeignClientFactoryBean   : For 'item-service' URL not provided. Will try picking an instance via load-balancing.
14:55:08:653  INFO 17183 --- [main] o.s.c.openfeign.FeignClientFactoryBean   : For 'cart-service' URL not provided. Will try picking an instance via load-balancing.
14:55:09:302  INFO 17183 --- [main] pertySourcedRequestMappingHandlerMapping : Mapped URL path [/v2/api-docs] onto method [springfox.documentation.swagger2.web.Swagger2ControllerWebMvc#getDocumentation(String, HttpServletRequest)]
14:55:09:746  INFO 17183 --- [main] o.s.b.w.embedded.tomcat.TomcatWebServer  : Tomcat started on port(s): 8787 (http) with context path ''
14:55:09:759  INFO 17183 --- [main] d.s.w.p.DocumentationPluginsBootstrapper : Documentation plugins bootstrapped
14:55:09:761  INFO 17183 --- [main] d.s.w.p.DocumentationPluginsBootstrapper : Found 1 custom documentation plugin(s)
14:55:09:778  INFO 17183 --- [main] s.d.s.w.s.ApiListingReferenceScanner     : Scanning for api listing references
14:55:09:916  INFO 17183 --- [main] c.example.trade.TradeServiceApplication  : Started TradeServiceApplication in 4.813 seconds (JVM running for 5.622)
