14:53:42:016  INFO 16229 --- [main] com.example.item.ItemApplication         : Starting ItemApplication using Java 11.0.8 on bogon with PID 16229 (/Users/xuchaoyue/IdeaProjects/study/hmall/item-service/target/classes started by xuchaoyue in /Users/xuchaoyue/IdeaProjects/study/hmall)
14:53:42:025  INFO 16229 --- [main] com.example.item.ItemApplication         : The following 1 profile is active: "local"
14:53:43:178  INFO 16229 --- [main] .s.d.r.c.RepositoryConfigurationDelegate : Multiple Spring Data modules found, entering strict repository configuration mode
14:53:43:180  INFO 16229 --- [main] .s.d.r.c.RepositoryConfigurationDelegate : Bootstrapping Spring Data Redis repositories in DEFAULT mode.
14:53:43:207  INFO 16229 --- [main] .s.d.r.c.RepositoryConfigurationDelegate : Finished Spring Data repository scanning in 17 ms. Found 0 Redis repository interfaces.
14:53:43:537  INFO 16229 --- [main] o.s.cloud.context.scope.GenericScope     : BeanFactory id=669317b9-b1b2-3715-a72d-2e7f55971797
14:53:43:880  INFO 16229 --- [main] o.s.b.w.embedded.tomcat.TomcatWebServer  : Tomcat initialized with port(s): 8181 (http)
14:53:43:887  INFO 16229 --- [main] o.apache.catalina.core.StandardService   : Starting service [Tomcat]
14:53:43:887  INFO 16229 --- [main] org.apache.catalina.core.StandardEngine  : Starting Servlet engine: [Apache Tomcat/9.0.75]
14:53:44:002  INFO 16229 --- [main] o.a.c.c.C.[Tomcat].[localhost].[/]       : Initializing Spring embedded WebApplicationContext
14:53:44:002  INFO 16229 --- [main] w.s.c.ServletWebServerApplicationContext : Root WebApplicationContext: initialization completed in 1911 ms
14:53:45:071  INFO 16229 --- [main] pertySourcedRequestMappingHandlerMapping : Mapped URL path [/v2/api-docs] onto method [springfox.documentation.swagger2.web.Swagger2ControllerWebMvc#getDocumentation(String, HttpServletRequest)]
14:53:45:546  INFO 16229 --- [main] com.alibaba.nacos.common.remote.client   : [RpcClientFactory] create a new rpc client of f9749124-e818-49a3-94f1-d4ea0d56f0f7
14:53:45:600  INFO 16229 --- [main] org.reflections.Reflections              : Reflections took 38 ms to scan 1 urls, producing 3 keys and 6 values 
14:53:45:620  INFO 16229 --- [main] org.reflections.Reflections              : Reflections took 11 ms to scan 1 urls, producing 4 keys and 9 values 
14:53:45:633  INFO 16229 --- [main] org.reflections.Reflections              : Reflections took 10 ms to scan 1 urls, producing 3 keys and 10 values 
14:53:45:636  WARN 16229 --- [main] org.reflections.Reflections              : given scan urls are empty. set urls in the configuration
14:53:45:643  INFO 16229 --- [main] org.reflections.Reflections              : Reflections took 6 ms to scan 1 urls, producing 1 keys and 5 values 
14:53:45:652  INFO 16229 --- [main] org.reflections.Reflections              : Reflections took 7 ms to scan 1 urls, producing 1 keys and 7 values 
14:53:45:662  INFO 16229 --- [main] org.reflections.Reflections              : Reflections took 8 ms to scan 1 urls, producing 2 keys and 8 values 
14:53:45:663  WARN 16229 --- [main] org.reflections.Reflections              : given scan urls are empty. set urls in the configuration
14:53:45:664  INFO 16229 --- [main] com.alibaba.nacos.common.remote.client   : [f9749124-e818-49a3-94f1-d4ea0d56f0f7] RpcClient init label, labels = {module=naming, source=sdk}
14:53:45:665  INFO 16229 --- [main] com.alibaba.nacos.common.remote.client   : [f9749124-e818-49a3-94f1-d4ea0d56f0f7] RpcClient init, ServerListFactory = com.alibaba.nacos.client.naming.core.ServerListManager
14:53:45:665  INFO 16229 --- [main] com.alibaba.nacos.common.remote.client   : [f9749124-e818-49a3-94f1-d4ea0d56f0f7] Registry connection listener to current client:com.alibaba.nacos.client.naming.remote.gprc.redo.NamingGrpcRedoService
14:53:45:666  INFO 16229 --- [main] com.alibaba.nacos.common.remote.client   : [f9749124-e818-49a3-94f1-d4ea0d56f0f7] Register server push request handler:com.alibaba.nacos.client.naming.remote.gprc.NamingPushRequestHandler
14:53:45:667  INFO 16229 --- [main] com.alibaba.nacos.common.remote.client   : [f9749124-e818-49a3-94f1-d4ea0d56f0f7] Try to connect to server on start up, server: {serverIp = '172.16.1.129', server main port = 8848}
14:53:46:228  INFO 16229 --- [main] com.alibaba.nacos.common.remote.client   : [f9749124-e818-49a3-94f1-d4ea0d56f0f7] Success to connect to server [172.16.1.129:8848] on start up, connectionId = 1714910092314_172.16.1.1_51807
14:53:46:233  INFO 16229 --- [main] com.alibaba.nacos.common.remote.client   : [f9749124-e818-49a3-94f1-d4ea0d56f0f7] Register server push request handler:com.alibaba.nacos.common.remote.client.RpcClient$ConnectResetRequestHandler
14:53:46:232  INFO 16229 --- [com.alibaba.nacos.client.remote.worker] com.alibaba.nacos.common.remote.client   : [f9749124-e818-49a3-94f1-d4ea0d56f0f7] Notify connected event to listeners.
14:53:46:237  INFO 16229 --- [main] com.alibaba.nacos.common.remote.client   : [f9749124-e818-49a3-94f1-d4ea0d56f0f7] Register server push request handler:com.alibaba.nacos.common.remote.client.RpcClient$$Lambda$1060/0x0000000800763840
14:53:46:322  INFO 16229 --- [main] o.s.b.w.embedded.tomcat.TomcatWebServer  : Tomcat started on port(s): 8181 (http) with context path ''
14:53:46:337  INFO 16229 --- [main] c.a.c.n.registry.NacosServiceRegistry    : nacos registry, DEFAULT_GROUP item-service 192.168.1.213:8181 register finished
14:53:46:344  INFO 16229 --- [main] d.s.w.p.DocumentationPluginsBootstrapper : Documentation plugins bootstrapped
14:53:46:350  INFO 16229 --- [main] d.s.w.p.DocumentationPluginsBootstrapper : Found 1 custom documentation plugin(s)
14:53:46:374  INFO 16229 --- [main] s.d.s.w.s.ApiListingReferenceScanner     : Scanning for api listing references
14:53:46:534  INFO 16229 --- [main] com.example.item.ItemApplication         : Started ItemApplication in 5.329 seconds (JVM running for 6.242)
14:53:46:778  INFO 16229 --- [nacos-grpc-client-executor-10] com.alibaba.nacos.common.remote.client   : [f9749124-e818-49a3-94f1-d4ea0d56f0f7] Receive server push request, request = NotifySubscriberRequest, requestId = 170
14:53:46:784  INFO 16229 --- [nacos-grpc-client-executor-10] com.alibaba.nacos.common.remote.client   : [f9749124-e818-49a3-94f1-d4ea0d56f0f7] Ack server push request, request = NotifySubscriberRequest, requestId = 170
14:54:00:938  INFO 16435 --- [main] com.example.item.ItemApplication         : Starting ItemApplication using Java 11.0.8 on bogon with PID 16435 (/Users/xuchaoyue/IdeaProjects/study/hmall/item-service/target/classes started by xuchaoyue in /Users/xuchaoyue/IdeaProjects/study/hmall)
14:54:00:940  INFO 16435 --- [main] com.example.item.ItemApplication         : The following 1 profile is active: "local"
14:54:02:190  INFO 16435 --- [main] .s.d.r.c.RepositoryConfigurationDelegate : Multiple Spring Data modules found, entering strict repository configuration mode
14:54:02:192  INFO 16435 --- [main] .s.d.r.c.RepositoryConfigurationDelegate : Bootstrapping Spring Data Redis repositories in DEFAULT mode.
14:54:02:219  INFO 16435 --- [main] .s.d.r.c.RepositoryConfigurationDelegate : Finished Spring Data repository scanning in 17 ms. Found 0 Redis repository interfaces.
14:54:02:462  INFO 16435 --- [main] o.s.cloud.context.scope.GenericScope     : BeanFactory id=669317b9-b1b2-3715-a72d-2e7f55971797
14:54:02:803  INFO 16435 --- [main] o.s.b.w.embedded.tomcat.TomcatWebServer  : Tomcat initialized with port(s): 8383 (http)
14:54:02:809  INFO 16435 --- [main] o.apache.catalina.core.StandardService   : Starting service [Tomcat]
14:54:02:809  INFO 16435 --- [main] org.apache.catalina.core.StandardEngine  : Starting Servlet engine: [Apache Tomcat/9.0.75]
14:54:02:920  INFO 16435 --- [main] o.a.c.c.C.[Tomcat].[localhost].[/]       : Initializing Spring embedded WebApplicationContext
14:54:02:920  INFO 16435 --- [main] w.s.c.ServletWebServerApplicationContext : Root WebApplicationContext: initialization completed in 1908 ms
14:54:04:157  INFO 16435 --- [main] pertySourcedRequestMappingHandlerMapping : Mapped URL path [/v2/api-docs] onto method [springfox.documentation.swagger2.web.Swagger2ControllerWebMvc#getDocumentation(String, HttpServletRequest)]
14:54:04:572  INFO 16435 --- [main] com.alibaba.nacos.common.remote.client   : [RpcClientFactory] create a new rpc client of a7266fe3-4991-402f-bed4-0fd8f61d4867
14:54:04:611  INFO 16435 --- [main] org.reflections.Reflections              : Reflections took 23 ms to scan 1 urls, producing 3 keys and 6 values 
14:54:04:633  INFO 16435 --- [main] org.reflections.Reflections              : Reflections took 13 ms to scan 1 urls, producing 4 keys and 9 values 
14:54:04:645  INFO 16435 --- [main] org.reflections.Reflections              : Reflections took 9 ms to scan 1 urls, producing 3 keys and 10 values 
14:54:04:649  WARN 16435 --- [main] org.reflections.Reflections              : given scan urls are empty. set urls in the configuration
14:54:04:657  INFO 16435 --- [main] org.reflections.Reflections              : Reflections took 6 ms to scan 1 urls, producing 1 keys and 5 values 
14:54:04:666  INFO 16435 --- [main] org.reflections.Reflections              : Reflections took 7 ms to scan 1 urls, producing 1 keys and 7 values 
14:54:04:676  INFO 16435 --- [main] org.reflections.Reflections              : Reflections took 8 ms to scan 1 urls, producing 2 keys and 8 values 
14:54:04:677  WARN 16435 --- [main] org.reflections.Reflections              : given scan urls are empty. set urls in the configuration
14:54:04:678  INFO 16435 --- [main] com.alibaba.nacos.common.remote.client   : [a7266fe3-4991-402f-bed4-0fd8f61d4867] RpcClient init label, labels = {module=naming, source=sdk}
14:54:04:680  INFO 16435 --- [main] com.alibaba.nacos.common.remote.client   : [a7266fe3-4991-402f-bed4-0fd8f61d4867] RpcClient init, ServerListFactory = com.alibaba.nacos.client.naming.core.ServerListManager
14:54:04:680  INFO 16435 --- [main] com.alibaba.nacos.common.remote.client   : [a7266fe3-4991-402f-bed4-0fd8f61d4867] Registry connection listener to current client:com.alibaba.nacos.client.naming.remote.gprc.redo.NamingGrpcRedoService
14:54:04:680  INFO 16435 --- [main] com.alibaba.nacos.common.remote.client   : [a7266fe3-4991-402f-bed4-0fd8f61d4867] Register server push request handler:com.alibaba.nacos.client.naming.remote.gprc.NamingPushRequestHandler
14:54:04:681  INFO 16435 --- [main] com.alibaba.nacos.common.remote.client   : [a7266fe3-4991-402f-bed4-0fd8f61d4867] Try to connect to server on start up, server: {serverIp = '172.16.1.129', server main port = 8848}
14:54:05:203  INFO 16435 --- [main] com.alibaba.nacos.common.remote.client   : [a7266fe3-4991-402f-bed4-0fd8f61d4867] Success to connect to server [172.16.1.129:8848] on start up, connectionId = 1714910112872_172.16.1.1_51935
14:54:05:207  INFO 16435 --- [main] com.alibaba.nacos.common.remote.client   : [a7266fe3-4991-402f-bed4-0fd8f61d4867] Register server push request handler:com.alibaba.nacos.common.remote.client.RpcClient$ConnectResetRequestHandler
14:54:05:205  INFO 16435 --- [com.alibaba.nacos.client.remote.worker] com.alibaba.nacos.common.remote.client   : [a7266fe3-4991-402f-bed4-0fd8f61d4867] Notify connected event to listeners.
14:54:05:220  INFO 16435 --- [main] com.alibaba.nacos.common.remote.client   : [a7266fe3-4991-402f-bed4-0fd8f61d4867] Register server push request handler:com.alibaba.nacos.common.remote.client.RpcClient$$Lambda$1060/0x0000000800764040
14:54:05:301  INFO 16435 --- [main] o.s.b.w.embedded.tomcat.TomcatWebServer  : Tomcat started on port(s): 8383 (http) with context path ''
14:54:05:316  INFO 16435 --- [main] c.a.c.n.registry.NacosServiceRegistry    : nacos registry, DEFAULT_GROUP item-service 192.168.1.213:8383 register finished
14:54:05:323  INFO 16435 --- [main] d.s.w.p.DocumentationPluginsBootstrapper : Documentation plugins bootstrapped
14:54:05:329  INFO 16435 --- [main] d.s.w.p.DocumentationPluginsBootstrapper : Found 1 custom documentation plugin(s)
14:54:05:353  INFO 16435 --- [main] s.d.s.w.s.ApiListingReferenceScanner     : Scanning for api listing references
14:54:05:513  INFO 16435 --- [main] com.example.item.ItemApplication         : Started ItemApplication in 5.294 seconds (JVM running for 6.075)
14:54:05:776  INFO 16229 --- [nacos-grpc-client-executor-21] com.alibaba.nacos.common.remote.client   : [f9749124-e818-49a3-94f1-d4ea0d56f0f7] Receive server push request, request = NotifySubscriberRequest, requestId = 172
14:54:05:777  INFO 16229 --- [nacos-grpc-client-executor-21] com.alibaba.nacos.common.remote.client   : [f9749124-e818-49a3-94f1-d4ea0d56f0f7] Ack server push request, request = NotifySubscriberRequest, requestId = 172
14:54:05:798  INFO 16435 --- [nacos-grpc-client-executor-11] com.alibaba.nacos.common.remote.client   : [a7266fe3-4991-402f-bed4-0fd8f61d4867] Receive server push request, request = NotifySubscriberRequest, requestId = 171
14:54:05:800  INFO 16435 --- [nacos-grpc-client-executor-11] com.alibaba.nacos.common.remote.client   : [a7266fe3-4991-402f-bed4-0fd8f61d4867] Ack server push request, request = NotifySubscriberRequest, requestId = 171
14:55:32:617  INFO 16229 --- [http-nio-8181-exec-1] o.a.c.c.C.[Tomcat].[localhost].[/]       : Initializing Spring DispatcherServlet 'dispatcherServlet'
14:55:32:619  INFO 16229 --- [http-nio-8181-exec-1] o.s.web.servlet.DispatcherServlet        : Initializing Servlet 'dispatcherServlet'
14:55:32:623  INFO 16229 --- [http-nio-8181-exec-1] o.s.web.servlet.DispatcherServlet        : Completed initialization in 4 ms
14:55:32:843  INFO 16229 --- [http-nio-8181-exec-1] com.zaxxer.hikari.HikariDataSource       : HikariPool-1 - Starting...
14:55:33:143  INFO 16229 --- [http-nio-8181-exec-1] com.zaxxer.hikari.HikariDataSource       : HikariPool-1 - Start completed.
14:56:06:378  INFO 16435 --- [http-nio-8383-exec-1] o.a.c.c.C.[Tomcat].[localhost].[/]       : Initializing Spring DispatcherServlet 'dispatcherServlet'
14:56:06:380  INFO 16435 --- [http-nio-8383-exec-1] o.s.web.servlet.DispatcherServlet        : Initializing Servlet 'dispatcherServlet'
14:56:06:386  INFO 16435 --- [http-nio-8383-exec-1] o.s.web.servlet.DispatcherServlet        : Completed initialization in 6 ms
14:56:06:620  INFO 16435 --- [http-nio-8383-exec-1] com.zaxxer.hikari.HikariDataSource       : HikariPool-1 - Starting...
14:56:06:939  INFO 16435 --- [http-nio-8383-exec-1] com.zaxxer.hikari.HikariDataSource       : HikariPool-1 - Start completed.
17:07:04:396  WARN 16229 --- [HikariPool-1 housekeeper] com.zaxxer.hikari.pool.HikariPool        : HikariPool-1 - Retrograde clock change detected (housekeeper delta=29s864ms), soft-evicting connections from pool.
17:07:08:165  WARN 16435 --- [HikariPool-1 housekeeper] com.zaxxer.hikari.pool.HikariPool        : HikariPool-1 - Retrograde clock change detected (housekeeper delta=29s862ms), soft-evicting connections from pool.
